<?xml version="1.0" encoding="UTF-8"?>
<testsuite xmlns:xsi="http://www.w3.org/2001/XMLSchema-instance" xsi:noNamespaceSchemaLocation="https://maven.apache.org/surefire/maven-surefire-plugin/xsd/surefire-test-report.xsd" version="3.0.2" name="com.lvr.Dhakiya_backend.DhakiyaBackendApplicationTests" time="11.477" tests="1" errors="0" skipped="0" failures="0">
  <properties>
[...]
</properties>
  <testcase name="contextLoads" classname="com.lvr.Dhakiya_backend.DhakiyaBackendApplicationTests" time="0.538">
    <system-out><![CDATA[17:22:07.343 [main] INFO org.springframework.test.context.support.AnnotationConfigContextLoaderUtils -- Could not detect default configuration classes for test class [com.lvr.Dhakiya_backend.DhakiyaBackendApplicationTests]: DhakiyaBackendApplicationTests does not declare any static, non-private, non-final, nested classes annotated with @Configuration.
17:22:07.500 [main] INFO org.springframework.boot.test.context.SpringBootTestContextBootstrapper -- Found @SpringBootConfiguration com.lvr.Dhakiya_backend.DhakiyaBackendApplication for test class com.lvr.Dhakiya_backend.DhakiyaBackendApplicationTests

  .   ____          _            __ _ _
 /\\ / ___'_ __ _ _(_)_ __  __ _ \ \ \ \
( ( )\___ | '_ | '_| | '_ \/ _` | \ \ \ \
 \\/  ___)| |_)| | | | | || (_| |  ) ) ) )
  '  |____| .__|_| |_|_| |_\__, | / / / /
 =========|_|==============|___/=/_/_/_/

 :: Spring Boot ::                (v3.4.0)

2024-12-25T17:22:08.102+01:00  INFO 12060 --- [Dhakiya] [           main] c.l.D.DhakiyaBackendApplicationTests     : Starting DhakiyaBackendApplicationTests using Java 21.0.2 with PID 12060 (started by lvanr in C:\Users\lvanr\Desktop\Projecten\Dhakiya\Dhakiya-backend)
2024-12-25T17:22:08.103+01:00  INFO 12060 --- [Dhakiya] [           main] c.l.D.DhakiyaBackendApplicationTests     : No active profile set, falling back to 1 default profile: "default"
2024-12-25T17:22:08.939+01:00  INFO 12060 --- [Dhakiya] [           main] .s.d.r.c.RepositoryConfigurationDelegate : Bootstrapping Spring Data JPA repositories in DEFAULT mode.
2024-12-25T17:22:09.087+01:00  INFO 12060 --- [Dhakiya] [           main] .s.d.r.c.RepositoryConfigurationDelegate : Finished Spring Data repository scanning in 132 ms. Found 13 JPA repository interfaces.
2024-12-25T17:22:09.652+01:00  INFO 12060 --- [Dhakiya] [           main] o.hibernate.jpa.internal.util.LogHelper  : HHH000204: Processing PersistenceUnitInfo [name: default]
2024-12-25T17:22:09.734+01:00  INFO 12060 --- [Dhakiya] [           main] org.hibernate.Version                    : HHH000412: Hibernate ORM core version 6.6.2.Final
2024-12-25T17:22:09.793+01:00  INFO 12060 --- [Dhakiya] [           main] o.h.c.internal.RegionFactoryInitiator    : HHH000026: Second-level cache disabled
2024-12-25T17:22:10.181+01:00  INFO 12060 --- [Dhakiya] [           main] o.s.o.j.p.SpringPersistenceUnitInfo      : No LoadTimeWeaver setup: ignoring JPA class transformer
2024-12-25T17:22:10.223+01:00  INFO 12060 --- [Dhakiya] [           main] com.zaxxer.hikari.HikariDataSource       : HikariPool-1 - Starting...
2024-12-25T17:22:10.390+01:00  INFO 12060 --- [Dhakiya] [           main] com.zaxxer.hikari.pool.HikariPool        : HikariPool-1 - Added connection org.sqlite.jdbc4.JDBC4Connection@379f9555
2024-12-25T17:22:10.393+01:00  INFO 12060 --- [Dhakiya] [           main] com.zaxxer.hikari.HikariDataSource       : HikariPool-1 - Start completed.
2024-12-25T17:22:10.436+01:00  INFO 12060 --- [Dhakiya] [           main] org.hibernate.orm.connections.pooling    : HHH10001005: Database info:
	Database JDBC URL [Connecting through datasource 'HikariDataSource (HikariPool-1)']
	Database driver: undefined/unknown
	Database version: 3.47
	Autocommit mode: undefined/unknown
	Isolation level: undefined/unknown
	Minimum pool size: undefined/unknown
	Maximum pool size: undefined/unknown
Hibernate: create table HTE_progress_report(rn_ integer not null, environment_id bigint, id bigint, hib_sess_id char(36) not null, primary key (rn_, hib_sess_id))
Hibernate: create table HTE_answered_question(rn_ integer not null, valid_answer_count integer, id bigint, question_id bigint, hib_sess_id char(36) not null, primary key (rn_, hib_sess_id))
Hibernate: create table HTE_quiz(is_final boolean, rn_ integer not null, size integer, id bigint, quiz_collection_id bigint, hib_sess_id char(36) not null, title varchar(255), primary key (rn_, hib_sess_id))
Hibernate: create table HTE_note(rn_ integer not null, id bigint, note_collection_id bigint, tag_id bigint, hib_sess_id char(36) not null, content varchar(500), title varchar(255), primary key (rn_, hib_sess_id))
Hibernate: create table HTE_flashcard(created_on date, last_seen date, minimum_display_count integer, rn_ integer not null, score_points integer, seen_count integer, flashcard_deck_id bigint, id bigint, tag_id bigint, hib_sess_id char(36) not null, content varchar(255), title varchar(255), primary key (rn_, hib_sess_id))
Hibernate: create table HTE_environment(rn_ integer not null, id bigint, hib_sess_id char(36) not null, title varchar(255), primary key (rn_, hib_sess_id))
Hibernate: create table HTE_quiz_result(created_on date, is_completed boolean, points integer, rn_ integer not null, id bigint, quiz_id bigint, hib_sess_id char(36) not null, primary key (rn_, hib_sess_id))
Hibernate: create table HTE_flashcard_deck(rn_ integer not null, environment_id bigint, id bigint, hib_sess_id char(36) not null, title varchar(255), primary key (rn_, hib_sess_id))
Hibernate: create table HTE_answer(is_correct boolean, rn_ integer not null, id bigint, hib_sess_id char(36) not null, answer varchar(255), primary key (rn_, hib_sess_id))
Hibernate: create table HTE_question(answer_count integer, rn_ integer not null, id bigint, quiz_id bigint, tag_id bigint, hib_sess_id char(36) not null, question varchar(255), primary key (rn_, hib_sess_id))
Hibernate: create table HTE_tag(flagged_positive_count integer, rn_ integer not null, seen_count integer, environment_id bigint, id bigint, hib_sess_id char(36) not null, title varchar(255), primary key (rn_, hib_sess_id))
Hibernate: create table HTE_quiz_collection(rn_ integer not null, environment_id bigint, id bigint, hib_sess_id char(36) not null, title varchar(255), primary key (rn_, hib_sess_id))
Hibernate: create table HTE_note_collection(rn_ integer not null, environment_id bigint, id bigint, hib_sess_id char(36) not null, primary key (rn_, hib_sess_id))
2024-12-25T17:22:11.568+01:00  INFO 12060 --- [Dhakiya] [           main] o.h.e.t.j.p.i.JtaPlatformInitiator       : HHH000489: No JTA platform available (set 'hibernate.transaction.jta.platform' to enable JTA platform integration)
Hibernate: drop table if exists answer
Hibernate: drop table if exists answer_seq
Hibernate: drop table if exists answered_question_seq
Hibernate: drop table if exists answered_question
Hibernate: drop table if exists answered_question_selected_answers
Hibernate: drop table if exists environment
Hibernate: drop table if exists environment_seq
Hibernate: drop table if exists flashcard
Hibernate: drop table if exists flashcard_deck_seq
Hibernate: drop table if exists flashcard_seq
Hibernate: drop table if exists flashcard_deck
Hibernate: drop table if exists note
Hibernate: drop table if exists note_collection_seq
Hibernate: drop table if exists note_seq
Hibernate: drop table if exists note_collection
Hibernate: drop table if exists progress_report_seq
Hibernate: drop table if exists progress_report
Hibernate: drop table if exists progress_report_tags
Hibernate: drop table if exists question
Hibernate: drop table if exists question_answers
Hibernate: drop table if exists question_seq
Hibernate: drop table if exists quiz
Hibernate: drop table if exists quiz_collection_seq
Hibernate: drop table if exists quiz_result_seq
Hibernate: drop table if exists quiz_seq
Hibernate: drop table if exists quiz_collection
Hibernate: drop table if exists quiz_result
Hibernate: drop table if exists quiz_result_answered_questions
Hibernate: drop table if exists tag
Hibernate: drop table if exists tag_seq
Hibernate: create table answer (is_correct boolean, id bigint not null, answer varchar(255), primary key (id))
Hibernate: create table answer_seq (next_val bigint)
Hibernate: insert into answer_seq values ( 1 )
Hibernate: create table answered_question_seq (next_val bigint)
Hibernate: insert into answered_question_seq values ( 1 )
Hibernate: create table answered_question (valid_answer_count integer, id bigint not null, question_id bigint, primary key (id))
Hibernate: create table answered_question_selected_answers (answered_question_id bigint not null, selected_answers_id bigint not null unique)
Hibernate: create table environment (id bigint not null, title varchar(255), primary key (id))
Hibernate: create table environment_seq (next_val bigint)
Hibernate: insert into environment_seq values ( 1 )
Hibernate: create table flashcard (created_on date, last_seen date, minimum_display_count integer, score_points integer, seen_count integer not null, flashcard_deck_id bigint, id bigint not null, tag_id bigint, content varchar(255), title varchar(255), primary key (id))
Hibernate: create table flashcard_deck_seq (next_val bigint)
Hibernate: insert into flashcard_deck_seq values ( 1 )
Hibernate: create table flashcard_seq (next_val bigint)
Hibernate: insert into flashcard_seq values ( 1 )
Hibernate: create table flashcard_deck (environment_id bigint, id bigint not null, title varchar(255), primary key (id))
Hibernate: create table note (id bigint not null, note_collection_id bigint, tag_id bigint, content varchar(500), title varchar(255), primary key (id))
Hibernate: create table note_collection_seq (next_val bigint)
Hibernate: insert into note_collection_seq values ( 1 )
Hibernate: create table note_seq (next_val bigint)
Hibernate: insert into note_seq values ( 1 )
Hibernate: create table note_collection (environment_id bigint unique, id bigint not null, primary key (id))
Hibernate: create table progress_report_seq (next_val bigint)
Hibernate: insert into progress_report_seq values ( 1 )
Hibernate: create table progress_report (environment_id bigint unique, id bigint not null, primary key (id))
Hibernate: create table progress_report_tags (progress_report_id bigint not null, tags_id bigint not null unique)
Hibernate: create table question (answer_count integer, id bigint not null, quiz_id bigint, tag_id bigint, question varchar(255), primary key (id))
Hibernate: create table question_answers (answers_id bigint not null unique, question_id bigint not null)
Hibernate: create table question_seq (next_val bigint)
Hibernate: insert into question_seq values ( 1 )
Hibernate: create table quiz (is_final boolean, size integer, id bigint not null, quiz_collection_id bigint, title varchar(255), primary key (id))
Hibernate: create table quiz_collection_seq (next_val bigint)
Hibernate: insert into quiz_collection_seq values ( 1 )
Hibernate: create table quiz_result_seq (next_val bigint)
Hibernate: insert into quiz_result_seq values ( 1 )
Hibernate: create table quiz_seq (next_val bigint)
Hibernate: insert into quiz_seq values ( 1 )
Hibernate: create table quiz_collection (environment_id bigint, id bigint not null, title varchar(255), primary key (id))
Hibernate: create table quiz_result (created_on date, is_completed boolean, points integer not null, id bigint not null, quiz_id bigint, primary key (id))
Hibernate: create table quiz_result_answered_questions (answered_questions_id bigint not null unique, quiz_result_id bigint not null)
Hibernate: create table tag (flagged_positive_count integer not null, seen_count integer not null, environment_id bigint, id bigint not null, title varchar(255), primary key (id))
Hibernate: create table tag_seq (next_val bigint)
Hibernate: insert into tag_seq values ( 1 )
2024-12-25T17:22:12.771+01:00  INFO 12060 --- [Dhakiya] [           main] j.LocalContainerEntityManagerFactoryBean : Initialized JPA EntityManagerFactory for persistence unit 'default'
2024-12-25T17:22:13.537+01:00  WARN 12060 --- [Dhakiya] [           main] JpaBaseConfiguration$JpaWebConfiguration : spring.jpa.open-in-view is enabled by default. Therefore, database queries may be performed during view rendering. Explicitly configure spring.jpa.open-in-view to disable this warning
2024-12-25T17:22:13.999+01:00  INFO 12060 --- [Dhakiya] [           main] c.l.D.DhakiyaBackendApplicationTests     : Started DhakiyaBackendApplicationTests in 6.282 seconds (process running for 7.807)
Hibernate: select next_val as id_val from environment_seq
Hibernate: update environment_seq set next_val= ? where next_val=?
Hibernate: insert into environment (title,id) values (?,?)
Hibernate: select next_val as id_val from progress_report_seq
Hibernate: update progress_report_seq set next_val= ? where next_val=?
Hibernate: insert into progress_report (environment_id,id) values (?,?)
Hibernate: select next_val as id_val from note_collection_seq
Hibernate: update note_collection_seq set next_val= ? where next_val=?
Hibernate: insert into note_collection (environment_id,id) values (?,?)
Hibernate: select next_val as id_val from environment_seq
Hibernate: update environment_seq set next_val= ? where next_val=?
Hibernate: insert into environment (title,id) values (?,?)
Hibernate: select next_val as id_val from progress_report_seq
Hibernate: update progress_report_seq set next_val= ? where next_val=?
Hibernate: insert into progress_report (environment_id,id) values (?,?)
Hibernate: select next_val as id_val from note_collection_seq
Hibernate: update note_collection_seq set next_val= ? where next_val=?
Hibernate: insert into note_collection (environment_id,id) values (?,?)
Hibernate: insert into environment (title,id) values (?,?)
Hibernate: insert into progress_report (environment_id,id) values (?,?)
Hibernate: insert into note_collection (environment_id,id) values (?,?)
Hibernate: select e1_0.id,e1_0.title from environment e1_0
Hibernate: select e1_0.id,e1_0.title from environment e1_0 where e1_0.id=?
Hibernate: select next_val as id_val from tag_seq
Hibernate: update tag_seq set next_val= ? where next_val=?
Hibernate: insert into tag (environment_id,flagged_positive_count,seen_count,title,id) values (?,?,?,?,?)
Hibernate: select e1_0.id,e1_0.title from environment e1_0 where e1_0.id=?
Hibernate: select next_val as id_val from tag_seq
Hibernate: update tag_seq set next_val= ? where next_val=?
Hibernate: insert into tag (environment_id,flagged_positive_count,seen_count,title,id) values (?,?,?,?,?)
Hibernate: select e1_0.id,e1_0.title from environment e1_0 where e1_0.id=?
Hibernate: insert into tag (environment_id,flagged_positive_count,seen_count,title,id) values (?,?,?,?,?)
Hibernate: select nc1_0.id,nc1_0.environment_id from note_collection nc1_0
Hibernate: select e1_0.id,e1_0.title from environment e1_0 where e1_0.id=?
Hibernate: select e1_0.id,e1_0.title from environment e1_0 where e1_0.id=?
Hibernate: select e1_0.id,e1_0.title from environment e1_0 where e1_0.id=?
Hibernate: select t1_0.id,t1_0.environment_id,t1_0.flagged_positive_count,t1_0.seen_count,t1_0.title from tag t1_0
Hibernate: select e1_0.id,e1_0.title from environment e1_0 where e1_0.id=?
Hibernate: select e1_0.id,e1_0.title from environment e1_0 where e1_0.id=?
Hibernate: select e1_0.id,e1_0.title from environment e1_0 where e1_0.id=?
Hibernate: select nc1_0.id,e1_0.id,e1_0.title from note_collection nc1_0 left join environment e1_0 on e1_0.id=nc1_0.environment_id where nc1_0.id=?
Hibernate: select t1_0.id,e1_0.id,e1_0.title,t1_0.flagged_positive_count,t1_0.seen_count,t1_0.title from tag t1_0 left join environment e1_0 on e1_0.id=t1_0.environment_id where t1_0.id=?
Hibernate: select next_val as id_val from note_seq
Hibernate: update note_seq set next_val= ? where next_val=?
Hibernate: insert into note (content,note_collection_id,tag_id,title,id) values (?,?,?,?,?)
Hibernate: select nc1_0.id,e1_0.id,e1_0.title from note_collection nc1_0 left join environment e1_0 on e1_0.id=nc1_0.environment_id where nc1_0.id=?
Hibernate: select t1_0.id,e1_0.id,e1_0.title,t1_0.flagged_positive_count,t1_0.seen_count,t1_0.title from tag t1_0 left join environment e1_0 on e1_0.id=t1_0.environment_id where t1_0.id=?
Hibernate: select next_val as id_val from note_seq
Hibernate: update note_seq set next_val= ? where next_val=?
Hibernate: insert into note (content,note_collection_id,tag_id,title,id) values (?,?,?,?,?)
Hibernate: select nc1_0.id,e1_0.id,e1_0.title from note_collection nc1_0 left join environment e1_0 on e1_0.id=nc1_0.environment_id where nc1_0.id=?
Hibernate: select t1_0.id,e1_0.id,e1_0.title,t1_0.flagged_positive_count,t1_0.seen_count,t1_0.title from tag t1_0 left join environment e1_0 on e1_0.id=t1_0.environment_id where t1_0.id=?
Hibernate: insert into note (content,note_collection_id,tag_id,title,id) values (?,?,?,?,?)
Hibernate: select e1_0.id,e1_0.title from environment e1_0
Hibernate: select e1_0.id,e1_0.title from environment e1_0 where e1_0.id=?
Hibernate: select next_val as id_val from flashcard_deck_seq
Hibernate: update flashcard_deck_seq set next_val= ? where next_val=?
Hibernate: insert into flashcard_deck (environment_id,title,id) values (?,?,?)
Hibernate: select e1_0.id,e1_0.title from environment e1_0 where e1_0.id=?
Hibernate: select next_val as id_val from flashcard_deck_seq
Hibernate: update flashcard_deck_seq set next_val= ? where next_val=?
Hibernate: insert into flashcard_deck (environment_id,title,id) values (?,?,?)
Hibernate: select e1_0.id,e1_0.title from environment e1_0 where e1_0.id=?
Hibernate: insert into flashcard_deck (environment_id,title,id) values (?,?,?)
Hibernate: select fd1_0.id,fd1_0.environment_id,fd1_0.title from flashcard_deck fd1_0
Hibernate: select e1_0.id,e1_0.title from environment e1_0 where e1_0.id=?
Hibernate: select e1_0.id,e1_0.title from environment e1_0 where e1_0.id=?
Hibernate: select e1_0.id,e1_0.title from environment e1_0 where e1_0.id=?
Hibernate: select t1_0.id,t1_0.environment_id,t1_0.flagged_positive_count,t1_0.seen_count,t1_0.title from tag t1_0
Hibernate: select e1_0.id,e1_0.title from environment e1_0 where e1_0.id=?
Hibernate: select e1_0.id,e1_0.title from environment e1_0 where e1_0.id=?
Hibernate: select e1_0.id,e1_0.title from environment e1_0 where e1_0.id=?
Hibernate: select fd1_0.id,e1_0.id,e1_0.title,fd1_0.title from flashcard_deck fd1_0 left join environment e1_0 on e1_0.id=fd1_0.environment_id where fd1_0.id=?
Hibernate: select next_val as id_val from flashcard_seq
Hibernate: update flashcard_seq set next_val= ? where next_val=?
Hibernate: insert into flashcard (content,created_on,flashcard_deck_id,last_seen,minimum_display_count,score_points,seen_count,tag_id,title,id) values (?,?,?,?,?,?,?,?,?,?)
Hibernate: select t1_0.id,e1_0.id,e1_0.title,t1_0.flagged_positive_count,t1_0.seen_count,t1_0.title from tag t1_0 left join environment e1_0 on e1_0.id=t1_0.environment_id where t1_0.id=?
Hibernate: select fd1_0.id,e1_0.id,e1_0.title,fd1_0.title from flashcard_deck fd1_0 left join environment e1_0 on e1_0.id=fd1_0.environment_id where fd1_0.id=?
Hibernate: select next_val as id_val from flashcard_seq
Hibernate: update flashcard_seq set next_val= ? where next_val=?
Hibernate: insert into flashcard (content,created_on,flashcard_deck_id,last_seen,minimum_display_count,score_points,seen_count,tag_id,title,id) values (?,?,?,?,?,?,?,?,?,?)
Hibernate: select t1_0.id,e1_0.id,e1_0.title,t1_0.flagged_positive_count,t1_0.seen_count,t1_0.title from tag t1_0 left join environment e1_0 on e1_0.id=t1_0.environment_id where t1_0.id=?
Hibernate: select fd1_0.id,e1_0.id,e1_0.title,fd1_0.title from flashcard_deck fd1_0 left join environment e1_0 on e1_0.id=fd1_0.environment_id where fd1_0.id=?
Hibernate: insert into flashcard (content,created_on,flashcard_deck_id,last_seen,minimum_display_count,score_points,seen_count,tag_id,title,id) values (?,?,?,?,?,?,?,?,?,?)
Hibernate: select e1_0.id,e1_0.title from environment e1_0
Hibernate: select e1_0.id,e1_0.title from environment e1_0 where e1_0.id=?
Hibernate: select next_val as id_val from quiz_collection_seq
Hibernate: update quiz_collection_seq set next_val= ? where next_val=?
Hibernate: insert into quiz_collection (environment_id,title,id) values (?,?,?)
Hibernate: select e1_0.id,e1_0.title from environment e1_0 where e1_0.id=?
Hibernate: select next_val as id_val from quiz_collection_seq
Hibernate: update quiz_collection_seq set next_val= ? where next_val=?
Hibernate: insert into quiz_collection (environment_id,title,id) values (?,?,?)
Hibernate: select e1_0.id,e1_0.title from environment e1_0 where e1_0.id=?
Hibernate: insert into quiz_collection (environment_id,title,id) values (?,?,?)
Hibernate: select qc1_0.id,qc1_0.environment_id,qc1_0.title from quiz_collection qc1_0
Hibernate: select e1_0.id,e1_0.title from environment e1_0 where e1_0.id=?
Hibernate: select e1_0.id,e1_0.title from environment e1_0 where e1_0.id=?
Hibernate: select e1_0.id,e1_0.title from environment e1_0 where e1_0.id=?
Hibernate: select qc1_0.id,e1_0.id,e1_0.title,qc1_0.title from quiz_collection qc1_0 left join environment e1_0 on e1_0.id=qc1_0.environment_id where qc1_0.id=?
Hibernate: select next_val as id_val from quiz_seq
Hibernate: update quiz_seq set next_val= ? where next_val=?
Hibernate: insert into quiz (is_final,quiz_collection_id,size,title,id) values (?,?,?,?,?)
Hibernate: select qc1_0.id,e1_0.id,e1_0.title,qc1_0.title from quiz_collection qc1_0 left join environment e1_0 on e1_0.id=qc1_0.environment_id where qc1_0.id=?
Hibernate: select next_val as id_val from quiz_seq
Hibernate: update quiz_seq set next_val= ? where next_val=?
Hibernate: insert into quiz (is_final,quiz_collection_id,size,title,id) values (?,?,?,?,?)
Hibernate: select qc1_0.id,e1_0.id,e1_0.title,qc1_0.title from quiz_collection qc1_0 left join environment e1_0 on e1_0.id=qc1_0.environment_id where qc1_0.id=?
Hibernate: insert into quiz (is_final,quiz_collection_id,size,title,id) values (?,?,?,?,?)
Hibernate: select q1_0.id,q1_0.is_final,q1_0.quiz_collection_id,q1_0.size,q1_0.title from quiz q1_0
Hibernate: select qc1_0.id,e1_0.id,e1_0.title,qc1_0.title from quiz_collection qc1_0 left join environment e1_0 on e1_0.id=qc1_0.environment_id where qc1_0.id=?
Hibernate: select qc1_0.id,e1_0.id,e1_0.title,qc1_0.title from quiz_collection qc1_0 left join environment e1_0 on e1_0.id=qc1_0.environment_id where qc1_0.id=?
Hibernate: select qc1_0.id,e1_0.id,e1_0.title,qc1_0.title from quiz_collection qc1_0 left join environment e1_0 on e1_0.id=qc1_0.environment_id where qc1_0.id=?
Hibernate: select q1_0.id,q1_0.is_final,qc1_0.id,e1_0.id,e1_0.title,qc1_0.title,q1_0.size,q1_0.title from quiz q1_0 left join quiz_collection qc1_0 on qc1_0.id=q1_0.quiz_collection_id left join environment e1_0 on e1_0.id=qc1_0.environment_id where q1_0.id=?
Hibernate: select t1_0.id,e1_0.id,e1_0.title,t1_0.flagged_positive_count,t1_0.seen_count,t1_0.title from tag t1_0 left join environment e1_0 on e1_0.id=t1_0.environment_id where t1_0.id=?
Hibernate: select next_val as id_val from answer_seq
Hibernate: update answer_seq set next_val= ? where next_val=?
Hibernate: insert into answer (answer,is_correct,id) values (?,?,?)
Hibernate: select next_val as id_val from answer_seq
Hibernate: update answer_seq set next_val= ? where next_val=?
Hibernate: insert into answer (answer,is_correct,id) values (?,?,?)
Hibernate: insert into answer (answer,is_correct,id) values (?,?,?)
Hibernate: insert into answer (answer,is_correct,id) values (?,?,?)
Hibernate: select next_val as id_val from question_seq
Hibernate: update question_seq set next_val= ? where next_val=?
Hibernate: insert into question (answer_count,question,quiz_id,tag_id,id) values (?,?,?,?,?)
Hibernate: insert into question_answers (question_id,answers_id) values (?,?)
Hibernate: insert into question_answers (question_id,answers_id) values (?,?)
Hibernate: insert into question_answers (question_id,answers_id) values (?,?)
Hibernate: insert into question_answers (question_id,answers_id) values (?,?)
Hibernate: select q1_0.id,q1_0.is_final,qc1_0.id,e1_0.id,e1_0.title,qc1_0.title,q1_0.size,q1_0.title from quiz q1_0 left join quiz_collection qc1_0 on qc1_0.id=q1_0.quiz_collection_id left join environment e1_0 on e1_0.id=qc1_0.environment_id where q1_0.id=?
Hibernate: select t1_0.id,e1_0.id,e1_0.title,t1_0.flagged_positive_count,t1_0.seen_count,t1_0.title from tag t1_0 left join environment e1_0 on e1_0.id=t1_0.environment_id where t1_0.id=?
Hibernate: insert into answer (answer,is_correct,id) values (?,?,?)
Hibernate: insert into answer (answer,is_correct,id) values (?,?,?)
Hibernate: insert into answer (answer,is_correct,id) values (?,?,?)
Hibernate: insert into answer (answer,is_correct,id) values (?,?,?)
Hibernate: select next_val as id_val from question_seq
Hibernate: update question_seq set next_val= ? where next_val=?
Hibernate: insert into question (answer_count,question,quiz_id,tag_id,id) values (?,?,?,?,?)
Hibernate: insert into question_answers (question_id,answers_id) values (?,?)
Hibernate: insert into question_answers (question_id,answers_id) values (?,?)
Hibernate: insert into question_answers (question_id,answers_id) values (?,?)
Hibernate: insert into question_answers (question_id,answers_id) values (?,?)
Hibernate: select q1_0.id,q1_0.is_final,qc1_0.id,e1_0.id,e1_0.title,qc1_0.title,q1_0.size,q1_0.title from quiz q1_0 left join quiz_collection qc1_0 on qc1_0.id=q1_0.quiz_collection_id left join environment e1_0 on e1_0.id=qc1_0.environment_id where q1_0.id=?
Hibernate: insert into answer (answer,is_correct,id) values (?,?,?)
Hibernate: insert into answer (answer,is_correct,id) values (?,?,?)
Hibernate: insert into answer (answer,is_correct,id) values (?,?,?)
Hibernate: insert into answer (answer,is_correct,id) values (?,?,?)
Hibernate: insert into question (answer_count,question,quiz_id,tag_id,id) values (?,?,?,?,?)
Hibernate: insert into question_answers (question_id,answers_id) values (?,?)
Hibernate: insert into question_answers (question_id,answers_id) values (?,?)
Hibernate: insert into question_answers (question_id,answers_id) values (?,?)
Hibernate: insert into question_answers (question_id,answers_id) values (?,?)
Hibernate: select q1_0.id,q1_0.is_final,qc1_0.id,e1_0.id,e1_0.title,qc1_0.title,q1_0.size,q1_0.title from quiz q1_0 left join quiz_collection qc1_0 on qc1_0.id=q1_0.quiz_collection_id left join environment e1_0 on e1_0.id=qc1_0.environment_id where q1_0.id=?
Hibernate: select t1_0.id,e1_0.id,e1_0.title,t1_0.flagged_positive_count,t1_0.seen_count,t1_0.title from tag t1_0 left join environment e1_0 on e1_0.id=t1_0.environment_id where t1_0.id=?
Hibernate: insert into answer (answer,is_correct,id) values (?,?,?)
Hibernate: insert into answer (answer,is_correct,id) values (?,?,?)
Hibernate: insert into answer (answer,is_correct,id) values (?,?,?)
Hibernate: insert into answer (answer,is_correct,id) values (?,?,?)
Hibernate: insert into question (answer_count,question,quiz_id,tag_id,id) values (?,?,?,?,?)
Hibernate: insert into question_answers (question_id,answers_id) values (?,?)
Hibernate: insert into question_answers (question_id,answers_id) values (?,?)
Hibernate: insert into question_answers (question_id,answers_id) values (?,?)
Hibernate: insert into question_answers (question_id,answers_id) values (?,?)
Hibernate: select q1_0.id,q1_0.is_final,qc1_0.id,e1_0.id,e1_0.title,qc1_0.title,q1_0.size,q1_0.title from quiz q1_0 left join quiz_collection qc1_0 on qc1_0.id=q1_0.quiz_collection_id left join environment e1_0 on e1_0.id=qc1_0.environment_id where q1_0.id=?
Hibernate: insert into answer (answer,is_correct,id) values (?,?,?)
Hibernate: insert into answer (answer,is_correct,id) values (?,?,?)
Hibernate: insert into answer (answer,is_correct,id) values (?,?,?)
Hibernate: insert into answer (answer,is_correct,id) values (?,?,?)
Hibernate: insert into question (answer_count,question,quiz_id,tag_id,id) values (?,?,?,?,?)
Hibernate: insert into question_answers (question_id,answers_id) values (?,?)
Hibernate: insert into question_answers (question_id,answers_id) values (?,?)
Hibernate: insert into question_answers (question_id,answers_id) values (?,?)
Hibernate: insert into question_answers (question_id,answers_id) values (?,?)
Hibernate: select q1_0.id,q1_0.is_final,qc1_0.id,e1_0.id,e1_0.title,qc1_0.title,q1_0.size,q1_0.title from quiz q1_0 left join quiz_collection qc1_0 on qc1_0.id=q1_0.quiz_collection_id left join environment e1_0 on e1_0.id=qc1_0.environment_id where q1_0.id=?
Hibernate: select t1_0.id,e1_0.id,e1_0.title,t1_0.flagged_positive_count,t1_0.seen_count,t1_0.title from tag t1_0 left join environment e1_0 on e1_0.id=t1_0.environment_id where t1_0.id=?
Hibernate: insert into answer (answer,is_correct,id) values (?,?,?)
Hibernate: insert into answer (answer,is_correct,id) values (?,?,?)
Hibernate: insert into answer (answer,is_correct,id) values (?,?,?)
Hibernate: insert into answer (answer,is_correct,id) values (?,?,?)
Hibernate: insert into question (answer_count,question,quiz_id,tag_id,id) values (?,?,?,?,?)
Hibernate: insert into question_answers (question_id,answers_id) values (?,?)
Hibernate: insert into question_answers (question_id,answers_id) values (?,?)
Hibernate: insert into question_answers (question_id,answers_id) values (?,?)
Hibernate: insert into question_answers (question_id,answers_id) values (?,?)
Hibernate: select q1_0.id,q1_0.is_final,qc1_0.id,e1_0.id,e1_0.title,qc1_0.title,q1_0.size,q1_0.title from quiz q1_0 left join quiz_collection qc1_0 on qc1_0.id=q1_0.quiz_collection_id left join environment e1_0 on e1_0.id=qc1_0.environment_id where q1_0.id=?
Hibernate: insert into answer (answer,is_correct,id) values (?,?,?)
Hibernate: insert into answer (answer,is_correct,id) values (?,?,?)
Hibernate: insert into answer (answer,is_correct,id) values (?,?,?)
Hibernate: insert into answer (answer,is_correct,id) values (?,?,?)
Hibernate: insert into question (answer_count,question,quiz_id,tag_id,id) values (?,?,?,?,?)
Hibernate: insert into question_answers (question_id,answers_id) values (?,?)
Hibernate: insert into question_answers (question_id,answers_id) values (?,?)
Hibernate: insert into question_answers (question_id,answers_id) values (?,?)
Hibernate: insert into question_answers (question_id,answers_id) values (?,?)
Hibernate: select q1_0.id,q1_0.is_final,qc1_0.id,e1_0.id,e1_0.title,qc1_0.title,q1_0.size,q1_0.title from quiz q1_0 left join quiz_collection qc1_0 on qc1_0.id=q1_0.quiz_collection_id left join environment e1_0 on e1_0.id=qc1_0.environment_id where q1_0.id=?
Hibernate: select t1_0.id,e1_0.id,e1_0.title,t1_0.flagged_positive_count,t1_0.seen_count,t1_0.title from tag t1_0 left join environment e1_0 on e1_0.id=t1_0.environment_id where t1_0.id=?
Hibernate: insert into answer (answer,is_correct,id) values (?,?,?)
Hibernate: insert into answer (answer,is_correct,id) values (?,?,?)
Hibernate: insert into answer (answer,is_correct,id) values (?,?,?)
Hibernate: insert into answer (answer,is_correct,id) values (?,?,?)
Hibernate: insert into question (answer_count,question,quiz_id,tag_id,id) values (?,?,?,?,?)
Hibernate: insert into question_answers (question_id,answers_id) values (?,?)
Hibernate: insert into question_answers (question_id,answers_id) values (?,?)
Hibernate: insert into question_answers (question_id,answers_id) values (?,?)
Hibernate: insert into question_answers (question_id,answers_id) values (?,?)
Hibernate: select q1_0.id,q1_0.is_final,qc1_0.id,e1_0.id,e1_0.title,qc1_0.title,q1_0.size,q1_0.title from quiz q1_0 left join quiz_collection qc1_0 on qc1_0.id=q1_0.quiz_collection_id left join environment e1_0 on e1_0.id=qc1_0.environment_id where q1_0.id=?
Hibernate: select t1_0.id,e1_0.id,e1_0.title,t1_0.flagged_positive_count,t1_0.seen_count,t1_0.title from tag t1_0 left join environment e1_0 on e1_0.id=t1_0.environment_id where t1_0.id=?
Hibernate: insert into answer (answer,is_correct,id) values (?,?,?)
Hibernate: insert into answer (answer,is_correct,id) values (?,?,?)
Hibernate: insert into answer (answer,is_correct,id) values (?,?,?)
Hibernate: insert into answer (answer,is_correct,id) values (?,?,?)
Hibernate: insert into question (answer_count,question,quiz_id,tag_id,id) values (?,?,?,?,?)
Hibernate: insert into question_answers (question_id,answers_id) values (?,?)
Hibernate: insert into question_answers (question_id,answers_id) values (?,?)
Hibernate: insert into question_answers (question_id,answers_id) values (?,?)
Hibernate: insert into question_answers (question_id,answers_id) values (?,?)
Hibernate: select q1_0.id,q1_0.is_final,qc1_0.id,e1_0.id,e1_0.title,qc1_0.title,q1_0.size,q1_0.title from quiz q1_0 left join quiz_collection qc1_0 on qc1_0.id=q1_0.quiz_collection_id left join environment e1_0 on e1_0.id=qc1_0.environment_id where q1_0.id=?
Hibernate: select t1_0.id,e1_0.id,e1_0.title,t1_0.flagged_positive_count,t1_0.seen_count,t1_0.title from tag t1_0 left join environment e1_0 on e1_0.id=t1_0.environment_id where t1_0.id=?
Hibernate: insert into answer (answer,is_correct,id) values (?,?,?)
Hibernate: insert into answer (answer,is_correct,id) values (?,?,?)
Hibernate: insert into answer (answer,is_correct,id) values (?,?,?)
Hibernate: insert into answer (answer,is_correct,id) values (?,?,?)
Hibernate: insert into question (answer_count,question,quiz_id,tag_id,id) values (?,?,?,?,?)
Hibernate: insert into question_answers (question_id,answers_id) values (?,?)
Hibernate: insert into question_answers (question_id,answers_id) values (?,?)
Hibernate: insert into question_answers (question_id,answers_id) values (?,?)
Hibernate: insert into question_answers (question_id,answers_id) values (?,?)
Hibernate: select q1_0.id,q1_0.is_final,qc1_0.id,e1_0.id,e1_0.title,qc1_0.title,q1_0.size,q1_0.title from quiz q1_0 left join quiz_collection qc1_0 on qc1_0.id=q1_0.quiz_collection_id left join environment e1_0 on e1_0.id=qc1_0.environment_id where q1_0.id=?
Hibernate: select t1_0.id,e1_0.id,e1_0.title,t1_0.flagged_positive_count,t1_0.seen_count,t1_0.title from tag t1_0 left join environment e1_0 on e1_0.id=t1_0.environment_id where t1_0.id=?
Hibernate: insert into answer (answer,is_correct,id) values (?,?,?)
Hibernate: insert into answer (answer,is_correct,id) values (?,?,?)
Hibernate: insert into answer (answer,is_correct,id) values (?,?,?)
Hibernate: insert into answer (answer,is_correct,id) values (?,?,?)
Hibernate: insert into question (answer_count,question,quiz_id,tag_id,id) values (?,?,?,?,?)
Hibernate: insert into question_answers (question_id,answers_id) values (?,?)
Hibernate: insert into question_answers (question_id,answers_id) values (?,?)
Hibernate: insert into question_answers (question_id,answers_id) values (?,?)
Hibernate: insert into question_answers (question_id,answers_id) values (?,?)
Hibernate: select q1_0.id,q1_0.is_final,qc1_0.id,e1_0.id,e1_0.title,qc1_0.title,q1_0.size,q1_0.title from quiz q1_0 left join quiz_collection qc1_0 on qc1_0.id=q1_0.quiz_collection_id left join environment e1_0 on e1_0.id=qc1_0.environment_id where q1_0.id=?
Hibernate: insert into answer (answer,is_correct,id) values (?,?,?)
Hibernate: insert into answer (answer,is_correct,id) values (?,?,?)
Hibernate: insert into answer (answer,is_correct,id) values (?,?,?)
Hibernate: insert into answer (answer,is_correct,id) values (?,?,?)
Hibernate: insert into question (answer_count,question,quiz_id,tag_id,id) values (?,?,?,?,?)
Hibernate: insert into question_answers (question_id,answers_id) values (?,?)
Hibernate: insert into question_answers (question_id,answers_id) values (?,?)
Hibernate: insert into question_answers (question_id,answers_id) values (?,?)
Hibernate: insert into question_answers (question_id,answers_id) values (?,?)
Hibernate: select q1_0.id,q1_0.is_final,qc1_0.id,e1_0.id,e1_0.title,qc1_0.title,q1_0.size,q1_0.title from quiz q1_0 left join quiz_collection qc1_0 on qc1_0.id=q1_0.quiz_collection_id left join environment e1_0 on e1_0.id=qc1_0.environment_id where q1_0.id=?
Hibernate: select t1_0.id,e1_0.id,e1_0.title,t1_0.flagged_positive_count,t1_0.seen_count,t1_0.title from tag t1_0 left join environment e1_0 on e1_0.id=t1_0.environment_id where t1_0.id=?
Hibernate: insert into answer (answer,is_correct,id) values (?,?,?)
Hibernate: insert into answer (answer,is_correct,id) values (?,?,?)
Hibernate: insert into answer (answer,is_correct,id) values (?,?,?)
Hibernate: select next_val as id_val from answer_seq
Hibernate: update answer_seq set next_val= ? where next_val=?
Hibernate: insert into answer (answer,is_correct,id) values (?,?,?)
Hibernate: insert into question (answer_count,question,quiz_id,tag_id,id) values (?,?,?,?,?)
Hibernate: insert into question_answers (question_id,answers_id) values (?,?)
Hibernate: insert into question_answers (question_id,answers_id) values (?,?)
Hibernate: insert into question_answers (question_id,answers_id) values (?,?)
Hibernate: insert into question_answers (question_id,answers_id) values (?,?)
Hibernate: select q1_0.id,q1_0.is_final,qc1_0.id,e1_0.id,e1_0.title,qc1_0.title,q1_0.size,q1_0.title from quiz q1_0 left join quiz_collection qc1_0 on qc1_0.id=q1_0.quiz_collection_id left join environment e1_0 on e1_0.id=qc1_0.environment_id where q1_0.id=?
Hibernate: insert into answer (answer,is_correct,id) values (?,?,?)
Hibernate: insert into answer (answer,is_correct,id) values (?,?,?)
Hibernate: insert into answer (answer,is_correct,id) values (?,?,?)
Hibernate: insert into answer (answer,is_correct,id) values (?,?,?)
Hibernate: insert into question (answer_count,question,quiz_id,tag_id,id) values (?,?,?,?,?)
Hibernate: insert into question_answers (question_id,answers_id) values (?,?)
Hibernate: insert into question_answers (question_id,answers_id) values (?,?)
Hibernate: insert into question_answers (question_id,answers_id) values (?,?)
Hibernate: insert into question_answers (question_id,answers_id) values (?,?)
Hibernate: select q1_0.id,q1_0.is_final,qc1_0.id,e1_0.id,e1_0.title,qc1_0.title,q1_0.size,q1_0.title from quiz q1_0 left join quiz_collection qc1_0 on qc1_0.id=q1_0.quiz_collection_id left join environment e1_0 on e1_0.id=qc1_0.environment_id where q1_0.id=?
Hibernate: select t1_0.id,e1_0.id,e1_0.title,t1_0.flagged_positive_count,t1_0.seen_count,t1_0.title from tag t1_0 left join environment e1_0 on e1_0.id=t1_0.environment_id where t1_0.id=?
Hibernate: insert into answer (answer,is_correct,id) values (?,?,?)
Hibernate: insert into answer (answer,is_correct,id) values (?,?,?)
Hibernate: insert into answer (answer,is_correct,id) values (?,?,?)
Hibernate: insert into answer (answer,is_correct,id) values (?,?,?)
Hibernate: insert into question (answer_count,question,quiz_id,tag_id,id) values (?,?,?,?,?)
Hibernate: insert into question_answers (question_id,answers_id) values (?,?)
Hibernate: insert into question_answers (question_id,answers_id) values (?,?)
Hibernate: insert into question_answers (question_id,answers_id) values (?,?)
Hibernate: insert into question_answers (question_id,answers_id) values (?,?)
Hibernate: select q1_0.id,q1_0.is_final,qc1_0.id,e1_0.id,e1_0.title,qc1_0.title,q1_0.size,q1_0.title from quiz q1_0 left join quiz_collection qc1_0 on qc1_0.id=q1_0.quiz_collection_id left join environment e1_0 on e1_0.id=qc1_0.environment_id where q1_0.id=?
Hibernate: insert into answer (answer,is_correct,id) values (?,?,?)
Hibernate: insert into answer (answer,is_correct,id) values (?,?,?)
Hibernate: insert into answer (answer,is_correct,id) values (?,?,?)
Hibernate: insert into answer (answer,is_correct,id) values (?,?,?)
Hibernate: insert into question (answer_count,question,quiz_id,tag_id,id) values (?,?,?,?,?)
Hibernate: insert into question_answers (question_id,answers_id) values (?,?)
Hibernate: insert into question_answers (question_id,answers_id) values (?,?)
Hibernate: insert into question_answers (question_id,answers_id) values (?,?)
Hibernate: insert into question_answers (question_id,answers_id) values (?,?)
Hibernate: select q1_0.id,q1_0.is_final,qc1_0.id,e1_0.id,e1_0.title,qc1_0.title,q1_0.size,q1_0.title from quiz q1_0 left join quiz_collection qc1_0 on qc1_0.id=q1_0.quiz_collection_id left join environment e1_0 on e1_0.id=qc1_0.environment_id where q1_0.id=?
Hibernate: select t1_0.id,e1_0.id,e1_0.title,t1_0.flagged_positive_count,t1_0.seen_count,t1_0.title from tag t1_0 left join environment e1_0 on e1_0.id=t1_0.environment_id where t1_0.id=?
Hibernate: insert into answer (answer,is_correct,id) values (?,?,?)
Hibernate: insert into answer (answer,is_correct,id) values (?,?,?)
Hibernate: insert into answer (answer,is_correct,id) values (?,?,?)
Hibernate: insert into answer (answer,is_correct,id) values (?,?,?)
Hibernate: insert into question (answer_count,question,quiz_id,tag_id,id) values (?,?,?,?,?)
Hibernate: insert into question_answers (question_id,answers_id) values (?,?)
Hibernate: insert into question_answers (question_id,answers_id) values (?,?)
Hibernate: insert into question_answers (question_id,answers_id) values (?,?)
Hibernate: insert into question_answers (question_id,answers_id) values (?,?)
Hibernate: select q1_0.id,q1_0.is_final,qc1_0.id,e1_0.id,e1_0.title,qc1_0.title,q1_0.size,q1_0.title from quiz q1_0 left join quiz_collection qc1_0 on qc1_0.id=q1_0.quiz_collection_id left join environment e1_0 on e1_0.id=qc1_0.environment_id where q1_0.id=?
Hibernate: select t1_0.id,e1_0.id,e1_0.title,t1_0.flagged_positive_count,t1_0.seen_count,t1_0.title from tag t1_0 left join environment e1_0 on e1_0.id=t1_0.environment_id where t1_0.id=?
Hibernate: insert into answer (answer,is_correct,id) values (?,?,?)
Hibernate: insert into answer (answer,is_correct,id) values (?,?,?)
Hibernate: insert into answer (answer,is_correct,id) values (?,?,?)
Hibernate: insert into answer (answer,is_correct,id) values (?,?,?)
Hibernate: insert into question (answer_count,question,quiz_id,tag_id,id) values (?,?,?,?,?)
Hibernate: insert into question_answers (question_id,answers_id) values (?,?)
Hibernate: insert into question_answers (question_id,answers_id) values (?,?)
Hibernate: insert into question_answers (question_id,answers_id) values (?,?)
Hibernate: insert into question_answers (question_id,answers_id) values (?,?)
Hibernate: select q1_0.id,q1_0.is_final,qc1_0.id,e1_0.id,e1_0.title,qc1_0.title,q1_0.size,q1_0.title from quiz q1_0 left join quiz_collection qc1_0 on qc1_0.id=q1_0.quiz_collection_id left join environment e1_0 on e1_0.id=qc1_0.environment_id where q1_0.id=?
Hibernate: select t1_0.id,e1_0.id,e1_0.title,t1_0.flagged_positive_count,t1_0.seen_count,t1_0.title from tag t1_0 left join environment e1_0 on e1_0.id=t1_0.environment_id where t1_0.id=?
Hibernate: insert into answer (answer,is_correct,id) values (?,?,?)
Hibernate: insert into answer (answer,is_correct,id) values (?,?,?)
Hibernate: insert into answer (answer,is_correct,id) values (?,?,?)
Hibernate: insert into answer (answer,is_correct,id) values (?,?,?)
Hibernate: insert into question (answer_count,question,quiz_id,tag_id,id) values (?,?,?,?,?)
Hibernate: insert into question_answers (question_id,answers_id) values (?,?)
Hibernate: insert into question_answers (question_id,answers_id) values (?,?)
Hibernate: insert into question_answers (question_id,answers_id) values (?,?)
Hibernate: insert into question_answers (question_id,answers_id) values (?,?)
Hibernate: select q1_0.id,q1_0.is_final,qc1_0.id,e1_0.id,e1_0.title,qc1_0.title,q1_0.size,q1_0.title from quiz q1_0 left join quiz_collection qc1_0 on qc1_0.id=q1_0.quiz_collection_id left join environment e1_0 on e1_0.id=qc1_0.environment_id where q1_0.id=?
Hibernate: select t1_0.id,e1_0.id,e1_0.title,t1_0.flagged_positive_count,t1_0.seen_count,t1_0.title from tag t1_0 left join environment e1_0 on e1_0.id=t1_0.environment_id where t1_0.id=?
Hibernate: insert into answer (answer,is_correct,id) values (?,?,?)
Hibernate: insert into answer (answer,is_correct,id) values (?,?,?)
Hibernate: insert into answer (answer,is_correct,id) values (?,?,?)
Hibernate: insert into answer (answer,is_correct,id) values (?,?,?)
Hibernate: insert into question (answer_count,question,quiz_id,tag_id,id) values (?,?,?,?,?)
Hibernate: insert into question_answers (question_id,answers_id) values (?,?)
Hibernate: insert into question_answers (question_id,answers_id) values (?,?)
Hibernate: insert into question_answers (question_id,answers_id) values (?,?)
Hibernate: insert into question_answers (question_id,answers_id) values (?,?)
Hibernate: select q1_0.id,q1_0.is_final,qc1_0.id,e1_0.id,e1_0.title,qc1_0.title,q1_0.size,q1_0.title from quiz q1_0 left join quiz_collection qc1_0 on qc1_0.id=q1_0.quiz_collection_id left join environment e1_0 on e1_0.id=qc1_0.environment_id where q1_0.id=?
Hibernate: insert into answer (answer,is_correct,id) values (?,?,?)
Hibernate: insert into answer (answer,is_correct,id) values (?,?,?)
Hibernate: insert into answer (answer,is_correct,id) values (?,?,?)
Hibernate: insert into answer (answer,is_correct,id) values (?,?,?)
Hibernate: insert into question (answer_count,question,quiz_id,tag_id,id) values (?,?,?,?,?)
Hibernate: insert into question_answers (question_id,answers_id) values (?,?)
Hibernate: insert into question_answers (question_id,answers_id) values (?,?)
Hibernate: insert into question_answers (question_id,answers_id) values (?,?)
Hibernate: insert into question_answers (question_id,answers_id) values (?,?)
Hibernate: select q1_0.id,q1_0.is_final,qc1_0.id,e1_0.id,e1_0.title,qc1_0.title,q1_0.size,q1_0.title from quiz q1_0 left join quiz_collection qc1_0 on qc1_0.id=q1_0.quiz_collection_id left join environment e1_0 on e1_0.id=qc1_0.environment_id where q1_0.id=?
Hibernate: select t1_0.id,e1_0.id,e1_0.title,t1_0.flagged_positive_count,t1_0.seen_count,t1_0.title from tag t1_0 left join environment e1_0 on e1_0.id=t1_0.environment_id where t1_0.id=?
Hibernate: insert into answer (answer,is_correct,id) values (?,?,?)
Hibernate: insert into answer (answer,is_correct,id) values (?,?,?)
Hibernate: insert into answer (answer,is_correct,id) values (?,?,?)
Hibernate: insert into answer (answer,is_correct,id) values (?,?,?)
Hibernate: insert into question (answer_count,question,quiz_id,tag_id,id) values (?,?,?,?,?)
Hibernate: insert into question_answers (question_id,answers_id) values (?,?)
Hibernate: insert into question_answers (question_id,answers_id) values (?,?)
Hibernate: insert into question_answers (question_id,answers_id) values (?,?)
Hibernate: insert into question_answers (question_id,answers_id) values (?,?)
Hibernate: select q1_0.id,q1_0.is_final,qc1_0.id,e1_0.id,e1_0.title,qc1_0.title,q1_0.size,q1_0.title from quiz q1_0 left join quiz_collection qc1_0 on qc1_0.id=q1_0.quiz_collection_id left join environment e1_0 on e1_0.id=qc1_0.environment_id where q1_0.id=?
Hibernate: insert into answer (answer,is_correct,id) values (?,?,?)
Hibernate: insert into answer (answer,is_correct,id) values (?,?,?)
Hibernate: insert into answer (answer,is_correct,id) values (?,?,?)
Hibernate: insert into answer (answer,is_correct,id) values (?,?,?)
Hibernate: insert into question (answer_count,question,quiz_id,tag_id,id) values (?,?,?,?,?)
Hibernate: insert into question_answers (question_id,answers_id) values (?,?)
Hibernate: insert into question_answers (question_id,answers_id) values (?,?)
Hibernate: insert into question_answers (question_id,answers_id) values (?,?)
Hibernate: insert into question_answers (question_id,answers_id) values (?,?)
Hibernate: select q1_0.id,q1_0.is_final,qc1_0.id,e1_0.id,e1_0.title,qc1_0.title,q1_0.size,q1_0.title from quiz q1_0 left join quiz_collection qc1_0 on qc1_0.id=q1_0.quiz_collection_id left join environment e1_0 on e1_0.id=qc1_0.environment_id where q1_0.id=?
Hibernate: select t1_0.id,e1_0.id,e1_0.title,t1_0.flagged_positive_count,t1_0.seen_count,t1_0.title from tag t1_0 left join environment e1_0 on e1_0.id=t1_0.environment_id where t1_0.id=?
Hibernate: insert into answer (answer,is_correct,id) values (?,?,?)
Hibernate: insert into answer (answer,is_correct,id) values (?,?,?)
Hibernate: insert into answer (answer,is_correct,id) values (?,?,?)
Hibernate: insert into answer (answer,is_correct,id) values (?,?,?)
Hibernate: insert into question (answer_count,question,quiz_id,tag_id,id) values (?,?,?,?,?)
Hibernate: insert into question_answers (question_id,answers_id) values (?,?)
Hibernate: insert into question_answers (question_id,answers_id) values (?,?)
Hibernate: insert into question_answers (question_id,answers_id) values (?,?)
Hibernate: insert into question_answers (question_id,answers_id) values (?,?)
Hibernate: select q1_0.id,q1_0.is_final,qc1_0.id,e1_0.id,e1_0.title,qc1_0.title,q1_0.size,q1_0.title from quiz q1_0 left join quiz_collection qc1_0 on qc1_0.id=q1_0.quiz_collection_id left join environment e1_0 on e1_0.id=qc1_0.environment_id where q1_0.id=?
Hibernate: insert into answer (answer,is_correct,id) values (?,?,?)
Hibernate: insert into answer (answer,is_correct,id) values (?,?,?)
Hibernate: insert into answer (answer,is_correct,id) values (?,?,?)
Hibernate: insert into answer (answer,is_correct,id) values (?,?,?)
Hibernate: insert into question (answer_count,question,quiz_id,tag_id,id) values (?,?,?,?,?)
Hibernate: insert into question_answers (question_id,answers_id) values (?,?)
Hibernate: insert into question_answers (question_id,answers_id) values (?,?)
Hibernate: insert into question_answers (question_id,answers_id) values (?,?)
Hibernate: insert into question_answers (question_id,answers_id) values (?,?)
Hibernate: select q1_0.id,q1_0.is_final,qc1_0.id,e1_0.id,e1_0.title,qc1_0.title,q1_0.size,q1_0.title from quiz q1_0 left join quiz_collection qc1_0 on qc1_0.id=q1_0.quiz_collection_id left join environment e1_0 on e1_0.id=qc1_0.environment_id where q1_0.id=?
Hibernate: select t1_0.id,e1_0.id,e1_0.title,t1_0.flagged_positive_count,t1_0.seen_count,t1_0.title from tag t1_0 left join environment e1_0 on e1_0.id=t1_0.environment_id where t1_0.id=?
Hibernate: insert into answer (answer,is_correct,id) values (?,?,?)
Hibernate: select next_val as id_val from answer_seq
Hibernate: update answer_seq set next_val= ? where next_val=?
Hibernate: insert into answer (answer,is_correct,id) values (?,?,?)
Hibernate: insert into answer (answer,is_correct,id) values (?,?,?)
Hibernate: insert into answer (answer,is_correct,id) values (?,?,?)
Hibernate: insert into question (answer_count,question,quiz_id,tag_id,id) values (?,?,?,?,?)
Hibernate: insert into question_answers (question_id,answers_id) values (?,?)
Hibernate: insert into question_answers (question_id,answers_id) values (?,?)
Hibernate: insert into question_answers (question_id,answers_id) values (?,?)
Hibernate: insert into question_answers (question_id,answers_id) values (?,?)
Hibernate: select q1_0.id,q1_0.is_final,qc1_0.id,e1_0.id,e1_0.title,qc1_0.title,q1_0.size,q1_0.title from quiz q1_0 left join quiz_collection qc1_0 on qc1_0.id=q1_0.quiz_collection_id left join environment e1_0 on e1_0.id=qc1_0.environment_id where q1_0.id=?
Hibernate: select t1_0.id,e1_0.id,e1_0.title,t1_0.flagged_positive_count,t1_0.seen_count,t1_0.title from tag t1_0 left join environment e1_0 on e1_0.id=t1_0.environment_id where t1_0.id=?
Hibernate: insert into answer (answer,is_correct,id) values (?,?,?)
Hibernate: insert into answer (answer,is_correct,id) values (?,?,?)
Hibernate: insert into answer (answer,is_correct,id) values (?,?,?)
Hibernate: insert into answer (answer,is_correct,id) values (?,?,?)
Hibernate: insert into question (answer_count,question,quiz_id,tag_id,id) values (?,?,?,?,?)
Hibernate: insert into question_answers (question_id,answers_id) values (?,?)
Hibernate: insert into question_answers (question_id,answers_id) values (?,?)
Hibernate: insert into question_answers (question_id,answers_id) values (?,?)
Hibernate: insert into question_answers (question_id,answers_id) values (?,?)
Hibernate: select q1_0.id,q1_0.is_final,q1_0.quiz_collection_id,q1_0.size,q1_0.title from quiz q1_0
Hibernate: select qc1_0.id,e1_0.id,e1_0.title,qc1_0.title from quiz_collection qc1_0 left join environment e1_0 on e1_0.id=qc1_0.environment_id where qc1_0.id=?
Hibernate: select qc1_0.id,e1_0.id,e1_0.title,qc1_0.title from quiz_collection qc1_0 left join environment e1_0 on e1_0.id=qc1_0.environment_id where qc1_0.id=?
Hibernate: select qc1_0.id,e1_0.id,e1_0.title,qc1_0.title from quiz_collection qc1_0 left join environment e1_0 on e1_0.id=qc1_0.environment_id where qc1_0.id=?
Hibernate: select q1_0.id,q1_0.is_final,qc1_0.id,e1_0.id,e1_0.title,qc1_0.title,q1_0.size,q1_0.title from quiz q1_0 left join quiz_collection qc1_0 on qc1_0.id=q1_0.quiz_collection_id left join environment e1_0 on e1_0.id=qc1_0.environment_id where q1_0.id=?
Hibernate: update quiz set is_final=?,quiz_collection_id=?,size=?,title=? where id=?
Hibernate: select q1_0.id,q1_0.is_final,qc1_0.id,e1_0.id,e1_0.title,qc1_0.title,q1_0.size,q1_0.title from quiz q1_0 left join quiz_collection qc1_0 on qc1_0.id=q1_0.quiz_collection_id left join environment e1_0 on e1_0.id=qc1_0.environment_id where q1_0.id=?
Hibernate: select q1_0.id,q1_0.answer_count,q1_0.question,q1_0.quiz_id,q1_0.tag_id from question q1_0 where q1_0.quiz_id=?
Hibernate: select q1_0.id,q1_0.is_final,qc1_0.id,e1_0.id,e1_0.title,qc1_0.title,q1_0.size,q1_0.title from quiz q1_0 left join quiz_collection qc1_0 on qc1_0.id=q1_0.quiz_collection_id left join environment e1_0 on e1_0.id=qc1_0.environment_id where q1_0.id=?
Hibernate: select t1_0.id,e1_0.id,e1_0.title,t1_0.flagged_positive_count,t1_0.seen_count,t1_0.title from tag t1_0 left join environment e1_0 on e1_0.id=t1_0.environment_id where t1_0.id=?
Hibernate: select t1_0.id,e1_0.id,e1_0.title,t1_0.flagged_positive_count,t1_0.seen_count,t1_0.title from tag t1_0 left join environment e1_0 on e1_0.id=t1_0.environment_id where t1_0.id=?
Hibernate: select a1_0.question_id,a1_1.id,a1_1.answer,a1_1.is_correct from question_answers a1_0 join answer a1_1 on a1_1.id=a1_0.answers_id where a1_0.question_id=?
Hibernate: select a1_0.question_id,a1_1.id,a1_1.answer,a1_1.is_correct from question_answers a1_0 join answer a1_1 on a1_1.id=a1_0.answers_id where a1_0.question_id=?
Hibernate: select a1_0.question_id,a1_1.id,a1_1.answer,a1_1.is_correct from question_answers a1_0 join answer a1_1 on a1_1.id=a1_0.answers_id where a1_0.question_id=?
Hibernate: select a1_0.question_id,a1_1.id,a1_1.answer,a1_1.is_correct from question_answers a1_0 join answer a1_1 on a1_1.id=a1_0.answers_id where a1_0.question_id=?
Hibernate: select a1_0.question_id,a1_1.id,a1_1.answer,a1_1.is_correct from question_answers a1_0 join answer a1_1 on a1_1.id=a1_0.answers_id where a1_0.question_id=?
Hibernate: select a1_0.question_id,a1_1.id,a1_1.answer,a1_1.is_correct from question_answers a1_0 join answer a1_1 on a1_1.id=a1_0.answers_id where a1_0.question_id=?
Hibernate: select a1_0.question_id,a1_1.id,a1_1.answer,a1_1.is_correct from question_answers a1_0 join answer a1_1 on a1_1.id=a1_0.answers_id where a1_0.question_id=?
Hibernate: select a1_0.question_id,a1_1.id,a1_1.answer,a1_1.is_correct from question_answers a1_0 join answer a1_1 on a1_1.id=a1_0.answers_id where a1_0.question_id=?
Hibernate: select a1_0.question_id,a1_1.id,a1_1.answer,a1_1.is_correct from question_answers a1_0 join answer a1_1 on a1_1.id=a1_0.answers_id where a1_0.question_id=?
Hibernate: select next_val as id_val from answered_question_seq
Hibernate: update answered_question_seq set next_val= ? where next_val=?
Hibernate: insert into answered_question (question_id,valid_answer_count,id) values (?,?,?)
Hibernate: select next_val as id_val from answered_question_seq
Hibernate: update answered_question_seq set next_val= ? where next_val=?
Hibernate: insert into answered_question (question_id,valid_answer_count,id) values (?,?,?)
Hibernate: insert into answered_question (question_id,valid_answer_count,id) values (?,?,?)
Hibernate: insert into answered_question (question_id,valid_answer_count,id) values (?,?,?)
Hibernate: insert into answered_question (question_id,valid_answer_count,id) values (?,?,?)
Hibernate: insert into answered_question (question_id,valid_answer_count,id) values (?,?,?)
Hibernate: insert into answered_question (question_id,valid_answer_count,id) values (?,?,?)
Hibernate: insert into answered_question (question_id,valid_answer_count,id) values (?,?,?)
Hibernate: insert into answered_question (question_id,valid_answer_count,id) values (?,?,?)
Hibernate: select next_val as id_val from quiz_result_seq
Hibernate: update quiz_result_seq set next_val= ? where next_val=?
Hibernate: insert into quiz_result (created_on,is_completed,points,quiz_id,id) values (?,?,?,?,?)
Hibernate: insert into quiz_result_answered_questions (quiz_result_id,answered_questions_id) values (?,?)
Hibernate: insert into quiz_result_answered_questions (quiz_result_id,answered_questions_id) values (?,?)
Hibernate: insert into quiz_result_answered_questions (quiz_result_id,answered_questions_id) values (?,?)
Hibernate: insert into quiz_result_answered_questions (quiz_result_id,answered_questions_id) values (?,?)
Hibernate: insert into quiz_result_answered_questions (quiz_result_id,answered_questions_id) values (?,?)
Hibernate: insert into quiz_result_answered_questions (quiz_result_id,answered_questions_id) values (?,?)
Hibernate: insert into quiz_result_answered_questions (quiz_result_id,answered_questions_id) values (?,?)
Hibernate: insert into quiz_result_answered_questions (quiz_result_id,answered_questions_id) values (?,?)
Hibernate: insert into quiz_result_answered_questions (quiz_result_id,answered_questions_id) values (?,?)
]]></system-out>
    <system-err><![CDATA[Mockito is currently self-attaching to enable the inline-mock-maker. This will no longer work in future releases of the JDK. Please add Mockito as an agent to your build what is described in Mockito's documentation: https://javadoc.io/doc/org.mockito/mockito-core/latest/org/mockito/Mockito.html#0.3
WARNING: A Java agent has been loaded dynamically (C:\Users\lvanr\.m2\repository\net\bytebuddy\byte-buddy-agent\1.15.10\byte-buddy-agent-1.15.10.jar)
WARNING: If a serviceability tool is in use, please run with -XX:+EnableDynamicAgentLoading to hide this warning
WARNING: If a serviceability tool is not in use, please run with -Djdk.instrument.traceUsage for more information
WARNING: Dynamic loading of agents will be disallowed by default in a future release
]]></system-err>
  </testcase>
</testsuite>